Changed directory to /home/tab43/libraries/BMF_Priors/experiments.

JobID: 9071804
======
Time: Wed Jul 19 00:48:35 BST 2017
Running on master node: sand-1-72
Current directory: /home/tab43/libraries/BMF_Priors/experiments

Nodes allocated:
================
sand-1-72

numtasks=1, numnodes=1, mpi_tasks_per_node=1 (OMP_NUM_THREADS=1)

Executing command:
==================
mpirun -ppn 1 -np 1 /home/tab43/libraries/BMF_Priors/scripts_Darwin/run_time_code_single.sh 

Closing remaining open files:/home/tab43/libraries/BMF_Priors/data/movielens/binary_M_1M.h5...done/home/tab43/libraries/BMF_Priors/data/movielens/binary_R_1M.h5...done
Iteration 1. MSE: 27.8745630171. R^2: -21.3411125719. Rp: 0.00808643108725.
Iteration 2. MSE: 4.74941388351. R^2: -2.80659564625. Rp: 0.184230662746.
Iteration 3. MSE: 0.990423510817. R^2: 0.20618798094. Rp: 0.509062853062.
Iteration 4. MSE: 0.780601034208. R^2: 0.37435806372. Rp: 0.613168498961.
Iteration 5. MSE: 0.727803073514. R^2: 0.416674966866. Rp: 0.646183674492.
Iteration 6. MSE: 0.700212254749. R^2: 0.438788661979. Rp: 0.663026722602.
Iteration 7. MSE: 0.683760917921. R^2: 0.451974202065. Rp: 0.672876826326.
Iteration 8. MSE: 0.671973929914. R^2: 0.461421325084. Rp: 0.679854077624.
Iteration 9. MSE: 0.662881706854. R^2: 0.468708627805. Rp: 0.685200904131.
Iteration 10. MSE: 0.656893602494. R^2: 0.473508018329. Rp: 0.688677364662.
Time taken loading data: 0.208554983139.
Time taken running model: 74.3370890617.
